0 info it worked if it ends with ok
1 verbose cli [ 'C:\\Program Files\\nodejs\\node.exe',
1 verbose cli   'C:\\Program Files\\nodejs\\node_modules\\npm\\bin\\npm-cli.js',
1 verbose cli   'start' ]
2 info using npm@3.9.3
3 info using node@v6.2.1
4 verbose run-script [ 'prestart', 'start', 'poststart' ]
5 info lifecycle interns2016-ng-starter@1.0.0~prestart: interns2016-ng-starter@1.0.0
6 silly lifecycle interns2016-ng-starter@1.0.0~prestart: no script for prestart, continuing
7 info lifecycle interns2016-ng-starter@1.0.0~start: interns2016-ng-starter@1.0.0
8 verbose lifecycle interns2016-ng-starter@1.0.0~start: unsafe-perm in lifecycle true
9 verbose lifecycle interns2016-ng-starter@1.0.0~start: PATH: C:\Program Files\nodejs\node_modules\npm\bin\node-gyp-bin;C:\Users\Psaari\Code\interns2016-ng2\node_modules\.bin;C:\Program Files\nodejs;U:\bin;C:\Program Files\Git\mingw64\bin;C:\Program Files\Git\usr\local\bin;C:\Program Files\Git\usr\bin;C:\Program Files\Git\usr\bin;C:\Program Files\Git\mingw64\bin;C:\Program Files\Git\usr\bin;U:\bin;C:\ProgramData\Oracle\Java\javapath;C:\WINDOWS\system32;C:\WINDOWS;C:\WINDOWS\System32\Wbem;C:\WINDOWS\System32\WindowsPowerShell\v1.0;C:\Windows\CCM;C:\Program Files (x86)\Plantronics\PlantronicsURE;C:\Program Files\Microsoft SQL Server\120\Tools\Binn;C:\Program Files\Microsoft SQL Server\130\Tools\Binn;C:\Program Files\Microsoft SQL Server\Client SDK\ODBC\110\Tools\Binn;C:\Program Files (x86)\Microsoft SQL Server\120\Tools\Binn;C:\Program Files\Microsoft SQL Server\120\DTS\Binn;C:\Program Files (x86)\Microsoft SQL Server\120\Tools\Binn\ManagementStudio;C:\Program Files (x86)\Microsoft SQL Server\120\DTS\Binn;C:\Program Files\Microsoft\Web Platform Installer;C:\Program Files\nodejs;C:\Program Files\Git\cmd;C:\ProgramData\chocolatey\bin;C:\Users\Psaari\AppData\Roaming\npm;C:\Program Files (x86)\Microsoft VS Code\bin;C:\Program Files\Git\usr\bin\vendor_perl;C:\Program Files\Git\usr\bin\core_perl
10 verbose lifecycle interns2016-ng-starter@1.0.0~start: CWD: C:\Users\Psaari\Code\interns2016-ng2
11 silly lifecycle interns2016-ng-starter@1.0.0~start: Args: [ '/d /s /c',
11 silly lifecycle   'tsc && concurrently "tsc -w" "lite-server -c bs-config.json" ' ]
12 silly lifecycle interns2016-ng-starter@1.0.0~start: Returned: code: 2  signal: null
13 info lifecycle interns2016-ng-starter@1.0.0~start: Failed to exec start script
14 verbose stack Error: interns2016-ng-starter@1.0.0 start: `tsc && concurrently "tsc -w" "lite-server -c bs-config.json" `
14 verbose stack Exit status 2
14 verbose stack     at EventEmitter.<anonymous> (C:\Program Files\nodejs\node_modules\npm\lib\utils\lifecycle.js:245:16)
14 verbose stack     at emitTwo (events.js:106:13)
14 verbose stack     at EventEmitter.emit (events.js:191:7)
14 verbose stack     at ChildProcess.<anonymous> (C:\Program Files\nodejs\node_modules\npm\lib\utils\spawn.js:24:14)
14 verbose stack     at emitTwo (events.js:106:13)
14 verbose stack     at ChildProcess.emit (events.js:191:7)
14 verbose stack     at maybeClose (internal/child_process.js:852:16)
14 verbose stack     at Process.ChildProcess._handle.onexit (internal/child_process.js:215:5)
15 verbose pkgid interns2016-ng-starter@1.0.0
16 verbose cwd C:\Users\Psaari\Code\interns2016-ng2
17 error Windows_NT 10.0.10240
18 error argv "C:\\Program Files\\nodejs\\node.exe" "C:\\Program Files\\nodejs\\node_modules\\npm\\bin\\npm-cli.js" "start"
19 error node v6.2.1
20 error npm  v3.9.3
21 error code ELIFECYCLE
22 error interns2016-ng-starter@1.0.0 start: `tsc && concurrently "tsc -w" "lite-server -c bs-config.json" `
22 error Exit status 2
23 error Failed at the interns2016-ng-starter@1.0.0 start script 'tsc && concurrently "tsc -w" "lite-server -c bs-config.json" '.
23 error Make sure you have the latest version of node.js and npm installed.
23 error If you do, this is most likely a problem with the interns2016-ng-starter package,
23 error not with npm itself.
23 error Tell the author that this fails on your system:
23 error     tsc && concurrently "tsc -w" "lite-server -c bs-config.json"
23 error You can get information on how to open an issue for this project with:
23 error     npm bugs interns2016-ng-starter
23 error Or if that isn't available, you can get their info via:
23 error     npm owner ls interns2016-ng-starter
23 error There is likely additional logging output above.
24 verbose exit [ 1, true ]
